[  6%] [34m[1mAutomatic MOC and UIC for target armcmds[0m
[  6%] [34m[1mAutomatic MOC and UIC for target armraw[0m
[ 10%] [34m[1mAutomatic MOC and UIC for target nodeSimu[0m
[ 15%] [34m[1mAutomatic MOC and UIC for target nodeInverseKinematics[0m
[ 17%] [34m[1mAutomatic MOC and UIC for target armerror[0m
[ 17%] [34m[1mAutomatic MOC and UIC for target nodeCameraAPI[0m
[ 17%] [34m[1mAutomatic MOC and UIC for target nodeCamera[0m
[ 17%] [34m[1mAutomatic MOC and UIC for target GUI[0m
[ 17%] Built target nodeInverseKinematics_autogen
[ 17%] Built target armcmds_autogen
[ 17%] Built target nodeSimu_autogen
[ 17%] Built target nodeCameraAPI_autogen
[ 17%] Built target GUI_autogen
[ 17%] Built target nodeCamera_autogen
[ 17%] Built target armraw_autogen
[ 17%] Built target armerror_autogen
[35m[1mConsolidate compiler generated dependencies of target armcmds[0m
[35m[1mConsolidate compiler generated dependencies of target nodeSimu[0m
[35m[1mConsolidate compiler generated dependencies of target nodeCameraAPI[0m
[35m[1mConsolidate compiler generated dependencies of target nodeInverseKinematics[0m
[35m[1mConsolidate compiler generated dependencies of target GUI[0m
[35m[1mConsolidate compiler generated dependencies of target armraw[0m
[35m[1mConsolidate compiler generated dependencies of target nodeCamera[0m
[35m[1mConsolidate compiler generated dependencies of target armerror[0m
[ 19%] [32mBuilding CXX object CMakeFiles/armerror.dir/src/drivers/armlib/armerror.cpp.o[0m
[ 26%] Built target armcmds
[ 28%] [32mBuilding CXX object CMakeFiles/armraw.dir/src/drivers/armlib/armraw.cpp.o[0m
[ 30%] [32m[1mLinking CXX static library libarmerror.a[0m
[ 32%] Built target armerror
[ 39%] Built target nodeSimu
[ 47%] Built target nodeCameraAPI
[ 52%] Built target nodeCamera
[ 60%] Built target GUI
[ 63%] [32m[1mLinking CXX static library libarmraw.a[0m
[ 69%] Built target nodeInverseKinematics
[ 71%] Built target armraw
[ 73%] [34m[1mAutomatic MOC and UIC for target nodeArm[0m
[ 73%] Built target nodeArm_autogen
[35m[1mConsolidate compiler generated dependencies of target nodeArm[0m
[ 76%] [32mBuilding CXX object CMakeFiles/nodeArm.dir/src/drivers/armlib/armraw.cpp.o[0m
[ 78%] [32mBuilding CXX object CMakeFiles/nodeArm.dir/src/drivers/armlib/armerror.cpp.o[0m
[ 80%] [32m[1mLinking CXX executable nodeArm[0m
[100%] Built target nodeArm
-- Install configuration: ""
-- Up-to-date: /mnt/c/Users/Natha/Documents/umi_rtx_demos/ros2_ws/install/umi_rtx_controller/lib/umi_rtx_controller/nodeCamera
-- Installing: /mnt/c/Users/Natha/Documents/umi_rtx_demos/ros2_ws/install/umi_rtx_controller/lib/umi_rtx_controller/nodeArm
-- Set runtime path of "/mnt/c/Users/Natha/Documents/umi_rtx_demos/ros2_ws/install/umi_rtx_controller/lib/umi_rtx_controller/nodeArm" to ""
-- Up-to-date: /mnt/c/Users/Natha/Documents/umi_rtx_demos/ros2_ws/install/umi_rtx_controller/lib/umi_rtx_controller/nodeInverseKinematics
-- Up-to-date: /mnt/c/Users/Natha/Documents/umi_rtx_demos/ros2_ws/install/umi_rtx_controller/lib/umi_rtx_controller/nodeSimu
-- Up-to-date: /mnt/c/Users/Natha/Documents/umi_rtx_demos/ros2_ws/install/umi_rtx_controller/lib/umi_rtx_controller/GUI
-- Up-to-date: /mnt/c/Users/Natha/Documents/umi_rtx_demos/ros2_ws/install/umi_rtx_controller/lib/umi_rtx_controller/nodeCameraAPI
-- Up-to-date: /mnt/c/Users/Natha/Documents/umi_rtx_demos/ros2_ws/install/umi_rtx_controller/include/include
-- Up-to-date: /mnt/c/Users/Natha/Documents/umi_rtx_demos/ros2_ws/install/umi_rtx_controller/include/include/umi_rtx_controller
-- Up-to-date: /mnt/c/Users/Natha/Documents/umi_rtx_demos/ros2_ws/install/umi_rtx_controller/include/include/umi_rtx_controller/arm_parts
-- Up-to-date: /mnt/c/Users/Natha/Documents/umi_rtx_demos/ros2_ws/install/umi_rtx_controller/include/include/umi_rtx_controller/arm_parts/arm.h
-- Up-to-date: /mnt/c/Users/Natha/Documents/umi_rtx_demos/ros2_ws/install/umi_rtx_controller/include/include/umi_rtx_controller/arm_parts/forearm.h
-- Up-to-date: /mnt/c/Users/Natha/Documents/umi_rtx_demos/ros2_ws/install/umi_rtx_controller/include/include/umi_rtx_controller/arm_parts/joint.h
-- Up-to-date: /mnt/c/Users/Natha/Documents/umi_rtx_demos/ros2_ws/install/umi_rtx_controller/include/include/umi_rtx_controller/arm_parts/wrist.h
-- Up-to-date: /mnt/c/Users/Natha/Documents/umi_rtx_demos/ros2_ws/install/umi_rtx_controller/include/include/umi_rtx_controller/bsd
-- Up-to-date: /mnt/c/Users/Natha/Documents/umi_rtx_demos/ros2_ws/install/umi_rtx_controller/include/include/umi_rtx_controller/bsd/sys
-- Up-to-date: /mnt/c/Users/Natha/Documents/umi_rtx_demos/ros2_ws/install/umi_rtx_controller/include/include/umi_rtx_controller/bsd/sys/filio.h
-- Up-to-date: /mnt/c/Users/Natha/Documents/umi_rtx_demos/ros2_ws/install/umi_rtx_controller/include/include/umi_rtx_controller/bsd/sys/ioccom.h
-- Up-to-date: /mnt/c/Users/Natha/Documents/umi_rtx_demos/ros2_ws/install/umi_rtx_controller/include/include/umi_rtx_controller/mainpage.h
-- Up-to-date: /mnt/c/Users/Natha/Documents/umi_rtx_demos/ros2_ws/install/umi_rtx_controller/include/include/umi_rtx_controller/main_gui.hpp
-- Up-to-date: /mnt/c/Users/Natha/Documents/umi_rtx_demos/ros2_ws/install/umi_rtx_controller/include/include/umi_rtx_controller/node_arm.hpp
-- Up-to-date: /mnt/c/Users/Natha/Documents/umi_rtx_demos/ros2_ws/install/umi_rtx_controller/include/include/umi_rtx_controller/node_camera.hpp
-- Up-to-date: /mnt/c/Users/Natha/Documents/umi_rtx_demos/ros2_ws/install/umi_rtx_controller/include/include/umi_rtx_controller/node_camera_API.hpp
-- Up-to-date: /mnt/c/Users/Natha/Documents/umi_rtx_demos/ros2_ws/install/umi_rtx_controller/include/include/umi_rtx_controller/node_commands.hpp
-- Up-to-date: /mnt/c/Users/Natha/Documents/umi_rtx_demos/ros2_ws/install/umi_rtx_controller/include/include/umi_rtx_controller/node_invkin.hpp
-- Up-to-date: /mnt/c/Users/Natha/Documents/umi_rtx_demos/ros2_ws/install/umi_rtx_controller/include/include/umi_rtx_controller/node_simu.hpp
-- Up-to-date: /mnt/c/Users/Natha/Documents/umi_rtx_demos/ros2_ws/install/umi_rtx_controller/include/include/umi_rtx_controller/rapidxml.hpp
-- Up-to-date: /mnt/c/Users/Natha/Documents/umi_rtx_demos/ros2_ws/install/umi_rtx_controller/include/include/umi_rtx_controller/robotics
-- Up-to-date: /mnt/c/Users/Natha/Documents/umi_rtx_demos/ros2_ws/install/umi_rtx_controller/include/include/umi_rtx_controller/robotics/arm.h
-- Up-to-date: /mnt/c/Users/Natha/Documents/umi_rtx_demos/ros2_ws/install/umi_rtx_controller/include/include/umi_rtx_controller/robotics/armlib.h
-- Up-to-date: /mnt/c/Users/Natha/Documents/umi_rtx_demos/ros2_ws/install/umi_rtx_controller/include/include/umi_rtx_controller/robotics/basics.h
-- Up-to-date: /mnt/c/Users/Natha/Documents/umi_rtx_demos/ros2_ws/install/umi_rtx_controller/include/include/umi_rtx_controller/robotics/chess.h
-- Up-to-date: /mnt/c/Users/Natha/Documents/umi_rtx_demos/ros2_ws/install/umi_rtx_controller/include/include/umi_rtx_controller/robotics/chesscmds.h
-- Up-to-date: /mnt/c/Users/Natha/Documents/umi_rtx_demos/ros2_ws/install/umi_rtx_controller/include/include/umi_rtx_controller/robotics/config.h
-- Up-to-date: /mnt/c/Users/Natha/Documents/umi_rtx_demos/ros2_ws/install/umi_rtx_controller/include/include/umi_rtx_controller/robotics/interface.h
-- Up-to-date: /mnt/c/Users/Natha/Documents/umi_rtx_demos/ros2_ws/install/umi_rtx_controller/include/include/umi_rtx_controller/robotics/inverse.h
-- Up-to-date: /mnt/c/Users/Natha/Documents/umi_rtx_demos/ros2_ws/install/umi_rtx_controller/include/include/umi_rtx_controller/robotics/matrix.h
-- Up-to-date: /mnt/c/Users/Natha/Documents/umi_rtx_demos/ros2_ws/install/umi_rtx_controller/include/include/umi_rtx_controller/robotics/path.h
-- Up-to-date: /mnt/c/Users/Natha/Documents/umi_rtx_demos/ros2_ws/install/umi_rtx_controller/include/include/umi_rtx_controller/robotics/pathplan.h
-- Up-to-date: /mnt/c/Users/Natha/Documents/umi_rtx_demos/ros2_ws/install/umi_rtx_controller/include/include/umi_rtx_controller/robotics/simulator.h
-- Up-to-date: /mnt/c/Users/Natha/Documents/umi_rtx_demos/ros2_ws/install/umi_rtx_controller/include/include/umi_rtx_controller/robotics/spp.h
-- Up-to-date: /mnt/c/Users/Natha/Documents/umi_rtx_demos/ros2_ws/install/umi_rtx_controller/include/include/umi_rtx_controller/robotics/umi.h
-- Up-to-date: /mnt/c/Users/Natha/Documents/umi_rtx_demos/ros2_ws/install/umi_rtx_controller/include/include/umi_rtx_controller/robotics/umiinit.h
-- Up-to-date: /mnt/c/Users/Natha/Documents/umi_rtx_demos/ros2_ws/install/umi_rtx_controller/include/include/umi_rtx_controller/robotics/xml_parser.h
-- Up-to-date: /mnt/c/Users/Natha/Documents/umi_rtx_demos/ros2_ws/install/umi_rtx_controller/include/include/umi_rtx_controller/robotics/_template.h
-- Up-to-date: /mnt/c/Users/Natha/Documents/umi_rtx_demos/ros2_ws/install/umi_rtx_controller/include/include/umi_rtx_controller/umi-drivers
-- Up-to-date: /mnt/c/Users/Natha/Documents/umi_rtx_demos/ros2_ws/install/umi_rtx_controller/include/include/umi_rtx_controller/umi-drivers/680x0.h
-- Up-to-date: /mnt/c/Users/Natha/Documents/umi_rtx_demos/ros2_ws/install/umi_rtx_controller/include/include/umi_rtx_controller/umi-drivers/armlib.h
-- Up-to-date: /mnt/c/Users/Natha/Documents/umi_rtx_demos/ros2_ws/install/umi_rtx_controller/include/include/umi_rtx_controller/umi-drivers/armraw.h
-- Up-to-date: /mnt/c/Users/Natha/Documents/umi_rtx_demos/ros2_ws/install/umi_rtx_controller/include/include/umi_rtx_controller/umi-drivers/comm.h
-- Up-to-date: /mnt/c/Users/Natha/Documents/umi_rtx_demos/ros2_ws/install/umi_rtx_controller/include/include/umi_rtx_controller/umi-drivers/duart.h
-- Up-to-date: /mnt/c/Users/Natha/Documents/umi_rtx_demos/ros2_ws/install/umi_rtx_controller/include/include/umi_rtx_controller/umi-drivers/hostlib.h
-- Up-to-date: /mnt/c/Users/Natha/Documents/umi_rtx_demos/ros2_ws/install/umi_rtx_controller/include/include/umi_rtx_controller/umi-drivers/ipc.h
-- Up-to-date: /mnt/c/Users/Natha/Documents/umi_rtx_demos/ros2_ws/install/umi_rtx_controller/include/include/umi_rtx_controller/umi-drivers/ipcrt.h
-- Up-to-date: /mnt/c/Users/Natha/Documents/umi_rtx_demos/ros2_ws/install/umi_rtx_controller/include/include/umi_rtx_controller/umi-drivers/m68kipc
-- Up-to-date: /mnt/c/Users/Natha/Documents/umi_rtx_demos/ros2_ws/install/umi_rtx_controller/include/include/umi_rtx_controller/umi-drivers/m68kipc/a.out.h
-- Up-to-date: /mnt/c/Users/Natha/Documents/umi_rtx_demos/ros2_ws/install/umi_rtx_controller/include/include/umi_rtx_controller/umi-drivers/m68kipc/exec.h
-- Up-to-date: /mnt/c/Users/Natha/Documents/umi_rtx_demos/ros2_ws/install/umi_rtx_controller/include/include/umi_rtx_controller/umi-drivers/rtx.h
-- Up-to-date: /mnt/c/Users/Natha/Documents/umi_rtx_demos/ros2_ws/install/umi_rtx_controller/include/include/umi_rtx_controller/umi-drivers/rtxcmds.h
-- Up-to-date: /mnt/c/Users/Natha/Documents/umi_rtx_demos/ros2_ws/install/umi_rtx_controller/include/include/umi_rtx_controller/umi-drivers/rtxd.h
-- Up-to-date: /mnt/c/Users/Natha/Documents/umi_rtx_demos/ros2_ws/install/umi_rtx_controller/share/umi_rtx_controller/launch
-- Up-to-date: /mnt/c/Users/Natha/Documents/umi_rtx_demos/ros2_ws/install/umi_rtx_controller/share/umi_rtx_controller/launch/arm.launch.py
-- Up-to-date: /mnt/c/Users/Natha/Documents/umi_rtx_demos/ros2_ws/install/umi_rtx_controller/share/umi_rtx_controller/launch/simu.launch.py
-- Up-to-date: /mnt/c/Users/Natha/Documents/umi_rtx_demos/ros2_ws/install/umi_rtx_controller/share/umi_rtx_controller/rviz
-- Up-to-date: /mnt/c/Users/Natha/Documents/umi_rtx_demos/ros2_ws/install/umi_rtx_controller/share/umi_rtx_controller/rviz/rviz_basic_settings.rviz
-- Up-to-date: /mnt/c/Users/Natha/Documents/umi_rtx_demos/ros2_ws/install/umi_rtx_controller/share/umi_rtx_controller/urdf
-- Up-to-date: /mnt/c/Users/Natha/Documents/umi_rtx_demos/ros2_ws/install/umi_rtx_controller/share/umi_rtx_controller/urdf/umi_rtx.urdf
-- Up-to-date: /mnt/c/Users/Natha/Documents/umi_rtx_demos/ros2_ws/install/umi_rtx_controller/share/umi_rtx_controller/images
-- Up-to-date: /mnt/c/Users/Natha/Documents/umi_rtx_demos/ros2_ws/install/umi_rtx_controller/share/umi_rtx_controller/images/icon.png
-- Up-to-date: /mnt/c/Users/Natha/Documents/umi_rtx_demos/ros2_ws/install/umi_rtx_controller/share/umi_rtx_controller/CalibrationImages
-- Up-to-date: /mnt/c/Users/Natha/Documents/umi_rtx_demos/ros2_ws/install/umi_rtx_controller/share/umi_rtx_controller/CalibrationImages/image01.jpg
-- Up-to-date: /mnt/c/Users/Natha/Documents/umi_rtx_demos/ros2_ws/install/umi_rtx_controller/share/umi_rtx_controller/CalibrationImages/image02.jpg
-- Up-to-date: /mnt/c/Users/Natha/Documents/umi_rtx_demos/ros2_ws/install/umi_rtx_controller/share/umi_rtx_controller/CalibrationImages/image03.jpg
-- Up-to-date: /mnt/c/Users/Natha/Documents/umi_rtx_demos/ros2_ws/install/umi_rtx_controller/share/umi_rtx_controller/CalibrationImages/image04.jpg
-- Up-to-date: /mnt/c/Users/Natha/Documents/umi_rtx_demos/ros2_ws/install/umi_rtx_controller/share/umi_rtx_controller/CalibrationImages/image05.jpg
-- Up-to-date: /mnt/c/Users/Natha/Documents/umi_rtx_demos/ros2_ws/install/umi_rtx_controller/share/umi_rtx_controller/CalibrationImages/leftImage01.png
-- Up-to-date: /mnt/c/Users/Natha/Documents/umi_rtx_demos/ros2_ws/install/umi_rtx_controller/share/umi_rtx_controller/CalibrationImages/leftImage02.png
-- Up-to-date: /mnt/c/Users/Natha/Documents/umi_rtx_demos/ros2_ws/install/umi_rtx_controller/share/umi_rtx_controller/CalibrationImages/leftImage03.png
-- Up-to-date: /mnt/c/Users/Natha/Documents/umi_rtx_demos/ros2_ws/install/umi_rtx_controller/share/umi_rtx_controller/CalibrationImages/leftImage04.png
-- Up-to-date: /mnt/c/Users/Natha/Documents/umi_rtx_demos/ros2_ws/install/umi_rtx_controller/share/umi_rtx_controller/CalibrationImages/leftImage05.png
-- Up-to-date: /mnt/c/Users/Natha/Documents/umi_rtx_demos/ros2_ws/install/umi_rtx_controller/share/umi_rtx_controller/CalibrationImages/rightImage01.png
-- Up-to-date: /mnt/c/Users/Natha/Documents/umi_rtx_demos/ros2_ws/install/umi_rtx_controller/share/umi_rtx_controller/CalibrationImages/rightImage02.png
-- Up-to-date: /mnt/c/Users/Natha/Documents/umi_rtx_demos/ros2_ws/install/umi_rtx_controller/share/umi_rtx_controller/CalibrationImages/rightImage03.png
-- Up-to-date: /mnt/c/Users/Natha/Documents/umi_rtx_demos/ros2_ws/install/umi_rtx_controller/share/umi_rtx_controller/CalibrationImages/rightImage04.png
-- Up-to-date: /mnt/c/Users/Natha/Documents/umi_rtx_demos/ros2_ws/install/umi_rtx_controller/share/umi_rtx_controller/CalibrationImages/rightImage05.png
-- Up-to-date: /mnt/c/Users/Natha/Documents/umi_rtx_demos/ros2_ws/install/umi_rtx_controller/share/ament_index/resource_index/package_run_dependencies/umi_rtx_controller
-- Up-to-date: /mnt/c/Users/Natha/Documents/umi_rtx_demos/ros2_ws/install/umi_rtx_controller/share/ament_index/resource_index/parent_prefix_path/umi_rtx_controller
-- Up-to-date: /mnt/c/Users/Natha/Documents/umi_rtx_demos/ros2_ws/install/umi_rtx_controller/share/umi_rtx_controller/environment/ament_prefix_path.sh
-- Up-to-date: /mnt/c/Users/Natha/Documents/umi_rtx_demos/ros2_ws/install/umi_rtx_controller/share/umi_rtx_controller/environment/ament_prefix_path.dsv
-- Up-to-date: /mnt/c/Users/Natha/Documents/umi_rtx_demos/ros2_ws/install/umi_rtx_controller/share/umi_rtx_controller/environment/path.sh
-- Up-to-date: /mnt/c/Users/Natha/Documents/umi_rtx_demos/ros2_ws/install/umi_rtx_controller/share/umi_rtx_controller/environment/path.dsv
-- Up-to-date: /mnt/c/Users/Natha/Documents/umi_rtx_demos/ros2_ws/install/umi_rtx_controller/share/umi_rtx_controller/local_setup.bash
-- Up-to-date: /mnt/c/Users/Natha/Documents/umi_rtx_demos/ros2_ws/install/umi_rtx_controller/share/umi_rtx_controller/local_setup.sh
-- Up-to-date: /mnt/c/Users/Natha/Documents/umi_rtx_demos/ros2_ws/install/umi_rtx_controller/share/umi_rtx_controller/local_setup.zsh
-- Up-to-date: /mnt/c/Users/Natha/Documents/umi_rtx_demos/ros2_ws/install/umi_rtx_controller/share/umi_rtx_controller/local_setup.dsv
-- Installing: /mnt/c/Users/Natha/Documents/umi_rtx_demos/ros2_ws/install/umi_rtx_controller/share/umi_rtx_controller/package.dsv
-- Up-to-date: /mnt/c/Users/Natha/Documents/umi_rtx_demos/ros2_ws/install/umi_rtx_controller/share/ament_index/resource_index/packages/umi_rtx_controller
-- Up-to-date: /mnt/c/Users/Natha/Documents/umi_rtx_demos/ros2_ws/install/umi_rtx_controller/share/umi_rtx_controller/cmake/umi_rtx_controllerConfig.cmake
-- Up-to-date: /mnt/c/Users/Natha/Documents/umi_rtx_demos/ros2_ws/install/umi_rtx_controller/share/umi_rtx_controller/cmake/umi_rtx_controllerConfig-version.cmake
-- Up-to-date: /mnt/c/Users/Natha/Documents/umi_rtx_demos/ros2_ws/install/umi_rtx_controller/share/umi_rtx_controller/package.xml
