-- The C compiler identification is GNU 11.4.0
-- The CXX compiler identification is GNU 11.4.0
-- Detecting C compiler ABI info
-- Detecting C compiler ABI info - done
-- Check for working C compiler: /usr/bin/cc - skipped
-- Detecting C compile features
-- Detecting C compile features - done
-- Detecting CXX compiler ABI info
-- Detecting CXX compiler ABI info - done
-- Check for working CXX compiler: /usr/bin/c++ - skipped
-- Detecting CXX compile features
-- Detecting CXX compile features - done
-- Found ament_cmake: 2.0.4 (/opt/ros/iron/share/ament_cmake/cmake)
-- Found Python3: /usr/bin/python3.10 (found version "3.10.12") found components: Interpreter 
-- Found rclcpp: 21.0.5 (/opt/ros/iron/share/rclcpp/cmake)
-- Found rosidl_generator_c: 4.0.1 (/opt/ros/iron/share/rosidl_generator_c/cmake)
-- Found rosidl_generator_cpp: 4.0.1 (/opt/ros/iron/share/rosidl_generator_cpp/cmake)
-- Using all available rosidl_typesupport_c: rosidl_typesupport_fastrtps_c;rosidl_typesupport_introspection_c
-- Using all available rosidl_typesupport_cpp: rosidl_typesupport_fastrtps_cpp;rosidl_typesupport_introspection_cpp
-- Found rmw_implementation_cmake: 7.1.0 (/opt/ros/iron/share/rmw_implementation_cmake/cmake)
-- Found rmw_fastrtps_cpp: 7.1.3 (/opt/ros/iron/share/rmw_fastrtps_cpp/cmake)
-- Found OpenSSL: /usr/lib/x86_64-linux-gnu/libcrypto.so (found version "3.0.2")  
-- Found FastRTPS: /opt/ros/iron/include  
-- Using RMW implementation 'rmw_fastrtps_cpp' as default
-- Found std_msgs: 5.0.0 (/opt/ros/iron/share/std_msgs/cmake)
-- Found sensor_msgs: 5.0.0 (/opt/ros/iron/share/sensor_msgs/cmake)
-- Found OpenCV: /usr (found version "4.5.4") 
-- Found cv_bridge: 3.4.0 (/opt/ros/iron/share/cv_bridge/cmake)
-- Found image_transport: 4.2.3 (/opt/ros/iron/share/image_transport/cmake)
-- pinocchio FOUND. pinocchio at /opt/ros/iron/lib/x86_64-linux-gnu/libpinocchio.so
-- boost_filesystem FOUND. boost_filesystem at /lib/x86_64-linux-gnu/libboost_filesystem.so
-- boost_serialization FOUND. boost_serialization at /lib/x86_64-linux-gnu/libboost_serialization.so
-- boost_system FOUND. boost_system at /lib/x86_64-linux-gnu/libboost_system.so
-- Found Boost: /usr/include (found version "1.74.0") found components: filesystem serialization system 
-- eigenpy FOUND. eigenpy at /opt/ros/iron/lib/x86_64-linux-gnu/libeigenpy.so
-- Found Python3: /usr/bin/python3.10 (found version "3.10.12") found components: Interpreter Development.Module NumPy 
-- PythonLibraryDirs: 
-- PythonLibVersionString: 3.10.12
-- Python site lib: lib/python3.10/dist-packages
-- Python include dirs: /usr/include/python3.10
-- Checking for NumPy
--   NUMPY_INCLUDE_DIRS=/usr/lib/python3/dist-packages/numpy/core/include
--   NUMPY_VERSION=1.21.5
-- NumPy include dir: /usr/lib/python3/dist-packages/numpy/core/include
-- Found Boost: /usr/include (found version "1.74.0") found components: python310 
-- Boost_PYTHON_LIBRARY: /usr/lib/x86_64-linux-gnu/libboost_python310.so
-- Default C++ standard: 201703
-- Minimal C++ standard upgraded to 11
-- C++ standard sufficient: Minimal required 11, currently defined: 14
-- hpp-fcl FOUND. hpp-fcl at /opt/ros/iron/lib/x86_64-linux-gnu/libhpp-fcl.so
-- Found Boost: /usr/include (found version "1.74.0") found components: chrono serialization 
-- C++ standard sufficient: Minimal required 11, currently defined: 14
-- C++ standard sufficient: Minimal required 11, currently defined: 14
-- Found rviz_common: 12.4.6 (/opt/ros/iron/share/rviz_common/cmake)
-- Setting assimp_DIR to: '/opt/ros/iron/share/rviz_assimp_vendor/cmake/../../../opt/rviz_assimp_vendor/lib/cmake/assimp-4.1'
-- Setting OGRE_DIR to: '/opt/ros/iron/share/rviz_ogre_vendor/cmake/../../../opt/rviz_ogre_vendor/lib/OGRE/cmake'
-- Found OGRE
--   static     : OFF
--   components : MeshLodGenerator;Overlay;Paging;Property;RTShaderSystem;Terrain;Volume
--   plugins    : Plugin_BSPSceneManager;Plugin_OctreeSceneManager;Plugin_PCZSceneManager;Plugin_ParticleFX;RenderSystem_GL;RenderSystem_GL3Plus;Codec_STBI
--   media      : /opt/ros/iron/opt/rviz_ogre_vendor/share/OGRE/Media
-- OGRE_LIBRARIES: OgreMeshLodGenerator;OgreOverlay;OgrePaging;OgreProperty;OgreRTShaderSystem;OgreTerrain;OgreVolume;OgreMain
-- OGRE_LIBRARY_DIRS: /opt/ros/iron/opt/rviz_ogre_vendor/lib
-- OGRE_PLUGINS: Plugin_BSPSceneManager;Plugin_OctreeSceneManager;Plugin_PCZSceneManager;Plugin_ParticleFX;RenderSystem_GL;RenderSystem_GL3Plus;Codec_STBI
-- OGRE_PLUGIN_DIR: /opt/ros/iron/opt/rviz_ogre_vendor/lib/OGRE
-- rviz_ogre_vendor::OgreOverlay for IMPORTED_LOCATION_RELEASE: /opt/ros/iron/opt/rviz_ogre_vendor/lib/libOgreOverlay.so
-- rviz_ogre_vendor::OgreOverlay for IMPORTED_LOCATION_DEBUG: /opt/ros/iron/opt/rviz_ogre_vendor/lib/libOgreOverlay.so
-- rviz_ogre_vendor::OgreMain for IMPORTED_LOCATION_RELEASE: /opt/ros/iron/opt/rviz_ogre_vendor/lib/libOgreMain.so
-- rviz_ogre_vendor::OgreMain for IMPORTED_LOCATION_DEBUG: /opt/ros/iron/opt/rviz_ogre_vendor/lib/libOgreMain.so
-- Could not find freeimage library
-- Found ZLIB: /usr/lib/x86_64-linux-gnu/libz.so (found version "1.2.11") 
-- Found OpenGL: /usr/lib/x86_64-linux-gnu/libOpenGL.so   
-- Found X11: /usr/include   
-- Looking for XOpenDisplay in /usr/lib/x86_64-linux-gnu/libX11.so;/usr/lib/x86_64-linux-gnu/libXext.so
-- Looking for XOpenDisplay in /usr/lib/x86_64-linux-gnu/libX11.so;/usr/lib/x86_64-linux-gnu/libXext.so - found
-- Looking for gethostbyname
-- Looking for gethostbyname - found
-- Looking for connect
-- Looking for connect - found
-- Looking for remove
-- Looking for remove - found
-- Looking for shmat
-- Looking for shmat - found
-- Looking for IceConnectionNumber in ICE
-- Looking for IceConnectionNumber in ICE - found
-- library: /usr/lib/x86_64-linux-gnu/libcurl.so
-- Found Eigen3: TRUE (found version "3.4.0") 
-- Ensuring Eigen3 include directory is part of orocos-kdl CMake target
-- Found rviz_default_plugins: 12.4.6 (/opt/ros/iron/share/rviz_default_plugins/cmake)
-- Looking for sgemm_
-- Looking for sgemm_ - not found
-- Looking for pthread.h
-- Looking for pthread.h - found
-- Performing Test CMAKE_HAVE_LIBC_PTHREAD
-- Performing Test CMAKE_HAVE_LIBC_PTHREAD - Success
-- Found Threads: TRUE  
-- Looking for sgemm_
-- Looking for sgemm_ - found
-- Found BLAS: /usr/lib/x86_64-linux-gnu/libopenblas.so  
-- Found CUDA: /usr/local/cuda (found suitable version "11.8", minimum required is "11") 
-- Found ament_lint_auto: 0.14.3 (/opt/ros/iron/share/ament_lint_auto/cmake)
-- Added test 'copyright' to check source files copyright and LICENSE
-- Added test 'cppcheck' to perform static code analysis on C / C++ code
-- Configured cppcheck include dirs: /mnt/c/Users/Natha/Documents/umi_rtx_demos/ros2_ws/src/umi_rtx_controller/include;$<BUILD_INTERFACE:/mnt/c/Users/Natha/Documents/umi_rtx_demos/ros2_ws/src/umi_rtx_controller/include>
-- Configured cppcheck exclude dirs and/or files: 
-- Added test 'cpplint' to check C / C++ code against the Google style
-- Configured cpplint exclude dirs and/or files: 
-- Added test 'flake8' to check Python code syntax and style conventions
-- Configured 'flake8' exclude dirs and/or files: 
-- Added test 'lint_cmake' to check CMake code style
-- Added test 'pep257' to check Python code against some of the docstring style conventions in PEP 257
-- Added test 'uncrustify' to check C / C++ code style
-- Configured uncrustify additional arguments: 
-- Added test 'xmllint' to check XML markup files
-- Configuring done
-- Generating done
-- Build files have been written to: /mnt/c/Users/Natha/Documents/umi_rtx_demos/ros2_ws/build/umi_rtx_controller
[ 17%] [34m[1mAutomatic MOC and UIC for target nodeCamera[0m
[ 17%] [34m[1mAutomatic MOC and UIC for target GUI[0m
[ 17%] [34m[1mAutomatic MOC and UIC for target armraw[0m
[ 17%] [34m[1mAutomatic MOC and UIC for target nodeCameraAPI[0m
[ 17%] [34m[1mAutomatic MOC and UIC for target armerror[0m
[ 17%] [34m[1mAutomatic MOC and UIC for target nodeSimu[0m
[ 17%] [34m[1mAutomatic MOC and UIC for target nodeInverseKinematics[0m
[ 17%] [34m[1mAutomatic MOC and UIC for target armcmds[0m
[ 17%] Built target nodeCameraAPI_autogen
[ 17%] Built target nodeCamera_autogen
[ 17%] Built target nodeSimu_autogen
[ 17%] Built target GUI_autogen
[ 17%] Built target armraw_autogen
[ 17%] Built target armerror_autogen
[ 17%] Built target armcmds_autogen
[ 17%] Built target nodeInverseKinematics_autogen
[ 19%] [32mBuilding CXX object CMakeFiles/nodeCameraAPI.dir/nodeCameraAPI_autogen/mocs_compilation.cpp.o[0m
[ 23%] [32mBuilding CXX object CMakeFiles/nodeCamera.dir/nodeCamera_autogen/mocs_compilation.cpp.o[0m
[ 23%] [32mBuilding CXX object CMakeFiles/nodeCameraAPI.dir/src/node_camera_API.cpp.o[0m
[ 41%] [32mBuilding CXX object CMakeFiles/armerror.dir/armerror_autogen/mocs_compilation.cpp.o[0m
[ 43%] [32mBuilding CXX object CMakeFiles/GUI.dir/src/main_gui.cpp.o[0m
[ 43%] [32mBuilding CXX object CMakeFiles/armraw.dir/armraw_autogen/mocs_compilation.cpp.o[0m
[ 43%] [32mBuilding CXX object CMakeFiles/nodeSimu.dir/nodeSimu_autogen/mocs_compilation.cpp.o[0m
[ 43%] [32mBuilding CXX object CMakeFiles/nodeCamera.dir/src/node_camera.cpp.o[0m
[ 43%] [32mBuilding CXX object CMakeFiles/armcmds.dir/armcmds_autogen/mocs_compilation.cpp.o[0m
[ 43%] [32mBuilding CXX object CMakeFiles/GUI.dir/GUI_autogen/mocs_compilation.cpp.o[0m
[ 43%] [32mBuilding CXX object CMakeFiles/nodeSimu.dir/src/node_simu.cpp.o[0m
[ 43%] [32mBuilding CXX object CMakeFiles/nodeInverseKinematics.dir/nodeInverseKinematics_autogen/mocs_compilation.cpp.o[0m
[ 45%] [32mBuilding CXX object CMakeFiles/nodeInverseKinematics.dir/src/node_invkin.cpp.o[0m
[ 47%] [32mBuilding CXX object CMakeFiles/armcmds.dir/src/drivers/armlib/armcmds.cpp.o[0m
[ 54%] [32mBuilding CXX object CMakeFiles/armraw.dir/src/drivers/armlib/armraw.cpp.o[0m
[ 54%] [32mBuilding CXX object CMakeFiles/GUI.dir/src/node_commands.cpp.o[0m
[ 54%] [32mBuilding CXX object CMakeFiles/armerror.dir/src/drivers/armlib/armerror.cpp.o[0m
[ 56%] [32m[1mLinking CXX static library libarmerror.a[0m
[ 56%] Built target armerror
[ 58%] [32m[1mLinking CXX static library libarmcmds.a[0m
[ 58%] Built target armcmds
[ 60%] [32m[1mLinking CXX static library libarmraw.a[0m
[ 60%] Built target armraw
[ 63%] [34m[1mAutomatic MOC and UIC for target nodeArm[0m
[ 63%] Built target nodeArm_autogen
[ 65%] [32mBuilding CXX object CMakeFiles/nodeArm.dir/nodeArm_autogen/mocs_compilation.cpp.o[0m
[ 67%] [32mBuilding CXX object CMakeFiles/nodeArm.dir/src/node_arm.cpp.o[0m
[ 69%] [32mBuilding CXX object CMakeFiles/nodeArm.dir/src/drivers/armlib/armcmds.cpp.o[0m
[ 71%] [32mBuilding CXX object CMakeFiles/nodeArm.dir/src/drivers/armlib/armraw.cpp.o[0m
[ 73%] [32mBuilding CXX object CMakeFiles/nodeArm.dir/src/drivers/armlib/armerror.cpp.o[0m
[ 76%] [32mBuilding CXX object CMakeFiles/nodeArm.dir/src/drivers/umi/umiinit.cpp.o[0m
[ 78%] [32mBuilding CXX object CMakeFiles/nodeArm.dir/src/drivers/umi/umicmds.cpp.o[0m
[ 80%] [32mBuilding CXX object CMakeFiles/nodeArm.dir/src/arm_parts/arm.cpp.o[0m
[ 82%] [32mBuilding CXX object CMakeFiles/nodeArm.dir/src/arm_parts/forearm.cpp.o[0m
[ 84%] [32mBuilding CXX object CMakeFiles/nodeArm.dir/src/arm_parts/joint.cpp.o[0m
[ 86%] [32mBuilding CXX object CMakeFiles/nodeArm.dir/src/arm_parts/wrist.cpp.o[0m
[ 89%] [32m[1mLinking CXX executable nodeCameraAPI[0m
[ 91%] [32m[1mLinking CXX executable nodeSimu[0m
[ 93%] [32m[1mLinking CXX executable nodeCamera[0m
[ 93%] Built target nodeCameraAPI
[ 93%] Built target nodeSimu
[ 93%] Built target nodeCamera
[ 95%] [32m[1mLinking CXX executable GUI[0m
[ 97%] [32m[1mLinking CXX executable nodeArm[0m
[ 97%] Built target nodeArm
[ 97%] Built target GUI
[100%] [32m[1mLinking CXX executable nodeInverseKinematics[0m
[100%] Built target nodeInverseKinematics
-- Install configuration: ""
-- Installing: /mnt/c/Users/Natha/Documents/umi_rtx_demos/ros2_ws/install/umi_rtx_controller/lib/umi_rtx_controller/nodeCamera
-- Set runtime path of "/mnt/c/Users/Natha/Documents/umi_rtx_demos/ros2_ws/install/umi_rtx_controller/lib/umi_rtx_controller/nodeCamera" to ""
-- Installing: /mnt/c/Users/Natha/Documents/umi_rtx_demos/ros2_ws/install/umi_rtx_controller/lib/umi_rtx_controller/nodeArm
-- Set runtime path of "/mnt/c/Users/Natha/Documents/umi_rtx_demos/ros2_ws/install/umi_rtx_controller/lib/umi_rtx_controller/nodeArm" to ""
-- Installing: /mnt/c/Users/Natha/Documents/umi_rtx_demos/ros2_ws/install/umi_rtx_controller/lib/umi_rtx_controller/nodeInverseKinematics
-- Set runtime path of "/mnt/c/Users/Natha/Documents/umi_rtx_demos/ros2_ws/install/umi_rtx_controller/lib/umi_rtx_controller/nodeInverseKinematics" to ""
-- Installing: /mnt/c/Users/Natha/Documents/umi_rtx_demos/ros2_ws/install/umi_rtx_controller/lib/umi_rtx_controller/nodeSimu
-- Set runtime path of "/mnt/c/Users/Natha/Documents/umi_rtx_demos/ros2_ws/install/umi_rtx_controller/lib/umi_rtx_controller/nodeSimu" to ""
-- Installing: /mnt/c/Users/Natha/Documents/umi_rtx_demos/ros2_ws/install/umi_rtx_controller/lib/umi_rtx_controller/GUI
-- Set runtime path of "/mnt/c/Users/Natha/Documents/umi_rtx_demos/ros2_ws/install/umi_rtx_controller/lib/umi_rtx_controller/GUI" to ""
-- Installing: /mnt/c/Users/Natha/Documents/umi_rtx_demos/ros2_ws/install/umi_rtx_controller/lib/umi_rtx_controller/nodeCameraAPI
-- Set runtime path of "/mnt/c/Users/Natha/Documents/umi_rtx_demos/ros2_ws/install/umi_rtx_controller/lib/umi_rtx_controller/nodeCameraAPI" to ""
-- Installing: /mnt/c/Users/Natha/Documents/umi_rtx_demos/ros2_ws/install/umi_rtx_controller/include/include
-- Installing: /mnt/c/Users/Natha/Documents/umi_rtx_demos/ros2_ws/install/umi_rtx_controller/include/include/umi_rtx_controller
-- Installing: /mnt/c/Users/Natha/Documents/umi_rtx_demos/ros2_ws/install/umi_rtx_controller/include/include/umi_rtx_controller/arm_parts
-- Installing: /mnt/c/Users/Natha/Documents/umi_rtx_demos/ros2_ws/install/umi_rtx_controller/include/include/umi_rtx_controller/arm_parts/arm.h
-- Installing: /mnt/c/Users/Natha/Documents/umi_rtx_demos/ros2_ws/install/umi_rtx_controller/include/include/umi_rtx_controller/arm_parts/forearm.h
-- Installing: /mnt/c/Users/Natha/Documents/umi_rtx_demos/ros2_ws/install/umi_rtx_controller/include/include/umi_rtx_controller/arm_parts/joint.h
-- Installing: /mnt/c/Users/Natha/Documents/umi_rtx_demos/ros2_ws/install/umi_rtx_controller/include/include/umi_rtx_controller/arm_parts/wrist.h
-- Installing: /mnt/c/Users/Natha/Documents/umi_rtx_demos/ros2_ws/install/umi_rtx_controller/include/include/umi_rtx_controller/bsd
-- Installing: /mnt/c/Users/Natha/Documents/umi_rtx_demos/ros2_ws/install/umi_rtx_controller/include/include/umi_rtx_controller/bsd/sys
-- Installing: /mnt/c/Users/Natha/Documents/umi_rtx_demos/ros2_ws/install/umi_rtx_controller/include/include/umi_rtx_controller/bsd/sys/filio.h
-- Installing: /mnt/c/Users/Natha/Documents/umi_rtx_demos/ros2_ws/install/umi_rtx_controller/include/include/umi_rtx_controller/bsd/sys/ioccom.h
-- Installing: /mnt/c/Users/Natha/Documents/umi_rtx_demos/ros2_ws/install/umi_rtx_controller/include/include/umi_rtx_controller/mainpage.h
-- Installing: /mnt/c/Users/Natha/Documents/umi_rtx_demos/ros2_ws/install/umi_rtx_controller/include/include/umi_rtx_controller/main_gui.hpp
-- Installing: /mnt/c/Users/Natha/Documents/umi_rtx_demos/ros2_ws/install/umi_rtx_controller/include/include/umi_rtx_controller/node_arm.hpp
-- Installing: /mnt/c/Users/Natha/Documents/umi_rtx_demos/ros2_ws/install/umi_rtx_controller/include/include/umi_rtx_controller/node_camera.hpp
-- Installing: /mnt/c/Users/Natha/Documents/umi_rtx_demos/ros2_ws/install/umi_rtx_controller/include/include/umi_rtx_controller/node_camera_API.hpp
-- Installing: /mnt/c/Users/Natha/Documents/umi_rtx_demos/ros2_ws/install/umi_rtx_controller/include/include/umi_rtx_controller/node_commands.hpp
-- Installing: /mnt/c/Users/Natha/Documents/umi_rtx_demos/ros2_ws/install/umi_rtx_controller/include/include/umi_rtx_controller/node_invkin.hpp
-- Installing: /mnt/c/Users/Natha/Documents/umi_rtx_demos/ros2_ws/install/umi_rtx_controller/include/include/umi_rtx_controller/node_simu.hpp
-- Installing: /mnt/c/Users/Natha/Documents/umi_rtx_demos/ros2_ws/install/umi_rtx_controller/include/include/umi_rtx_controller/rapidxml.hpp
-- Installing: /mnt/c/Users/Natha/Documents/umi_rtx_demos/ros2_ws/install/umi_rtx_controller/include/include/umi_rtx_controller/robotics
-- Installing: /mnt/c/Users/Natha/Documents/umi_rtx_demos/ros2_ws/install/umi_rtx_controller/include/include/umi_rtx_controller/robotics/arm.h
-- Installing: /mnt/c/Users/Natha/Documents/umi_rtx_demos/ros2_ws/install/umi_rtx_controller/include/include/umi_rtx_controller/robotics/armlib.h
-- Installing: /mnt/c/Users/Natha/Documents/umi_rtx_demos/ros2_ws/install/umi_rtx_controller/include/include/umi_rtx_controller/robotics/basics.h
-- Installing: /mnt/c/Users/Natha/Documents/umi_rtx_demos/ros2_ws/install/umi_rtx_controller/include/include/umi_rtx_controller/robotics/chess.h
-- Installing: /mnt/c/Users/Natha/Documents/umi_rtx_demos/ros2_ws/install/umi_rtx_controller/include/include/umi_rtx_controller/robotics/chesscmds.h
-- Installing: /mnt/c/Users/Natha/Documents/umi_rtx_demos/ros2_ws/install/umi_rtx_controller/include/include/umi_rtx_controller/robotics/config.h
-- Installing: /mnt/c/Users/Natha/Documents/umi_rtx_demos/ros2_ws/install/umi_rtx_controller/include/include/umi_rtx_controller/robotics/interface.h
-- Installing: /mnt/c/Users/Natha/Documents/umi_rtx_demos/ros2_ws/install/umi_rtx_controller/include/include/umi_rtx_controller/robotics/inverse.h
-- Installing: /mnt/c/Users/Natha/Documents/umi_rtx_demos/ros2_ws/install/umi_rtx_controller/include/include/umi_rtx_controller/robotics/matrix.h
-- Installing: /mnt/c/Users/Natha/Documents/umi_rtx_demos/ros2_ws/install/umi_rtx_controller/include/include/umi_rtx_controller/robotics/path.h
-- Installing: /mnt/c/Users/Natha/Documents/umi_rtx_demos/ros2_ws/install/umi_rtx_controller/include/include/umi_rtx_controller/robotics/pathplan.h
-- Installing: /mnt/c/Users/Natha/Documents/umi_rtx_demos/ros2_ws/install/umi_rtx_controller/include/include/umi_rtx_controller/robotics/simulator.h
-- Installing: /mnt/c/Users/Natha/Documents/umi_rtx_demos/ros2_ws/install/umi_rtx_controller/include/include/umi_rtx_controller/robotics/spp.h
-- Installing: /mnt/c/Users/Natha/Documents/umi_rtx_demos/ros2_ws/install/umi_rtx_controller/include/include/umi_rtx_controller/robotics/umi.h
-- Installing: /mnt/c/Users/Natha/Documents/umi_rtx_demos/ros2_ws/install/umi_rtx_controller/include/include/umi_rtx_controller/robotics/umiinit.h
-- Installing: /mnt/c/Users/Natha/Documents/umi_rtx_demos/ros2_ws/install/umi_rtx_controller/include/include/umi_rtx_controller/robotics/xml_parser.h
-- Installing: /mnt/c/Users/Natha/Documents/umi_rtx_demos/ros2_ws/install/umi_rtx_controller/include/include/umi_rtx_controller/robotics/_template.h
-- Installing: /mnt/c/Users/Natha/Documents/umi_rtx_demos/ros2_ws/install/umi_rtx_controller/include/include/umi_rtx_controller/umi-drivers
-- Installing: /mnt/c/Users/Natha/Documents/umi_rtx_demos/ros2_ws/install/umi_rtx_controller/include/include/umi_rtx_controller/umi-drivers/680x0.h
-- Installing: /mnt/c/Users/Natha/Documents/umi_rtx_demos/ros2_ws/install/umi_rtx_controller/include/include/umi_rtx_controller/umi-drivers/armlib.h
-- Installing: /mnt/c/Users/Natha/Documents/umi_rtx_demos/ros2_ws/install/umi_rtx_controller/include/include/umi_rtx_controller/umi-drivers/armraw.h
-- Installing: /mnt/c/Users/Natha/Documents/umi_rtx_demos/ros2_ws/install/umi_rtx_controller/include/include/umi_rtx_controller/umi-drivers/comm.h
-- Installing: /mnt/c/Users/Natha/Documents/umi_rtx_demos/ros2_ws/install/umi_rtx_controller/include/include/umi_rtx_controller/umi-drivers/duart.h
-- Installing: /mnt/c/Users/Natha/Documents/umi_rtx_demos/ros2_ws/install/umi_rtx_controller/include/include/umi_rtx_controller/umi-drivers/hostlib.h
-- Installing: /mnt/c/Users/Natha/Documents/umi_rtx_demos/ros2_ws/install/umi_rtx_controller/include/include/umi_rtx_controller/umi-drivers/ipc.h
-- Installing: /mnt/c/Users/Natha/Documents/umi_rtx_demos/ros2_ws/install/umi_rtx_controller/include/include/umi_rtx_controller/umi-drivers/ipcrt.h
-- Installing: /mnt/c/Users/Natha/Documents/umi_rtx_demos/ros2_ws/install/umi_rtx_controller/include/include/umi_rtx_controller/umi-drivers/m68kipc
-- Installing: /mnt/c/Users/Natha/Documents/umi_rtx_demos/ros2_ws/install/umi_rtx_controller/include/include/umi_rtx_controller/umi-drivers/m68kipc/a.out.h
-- Installing: /mnt/c/Users/Natha/Documents/umi_rtx_demos/ros2_ws/install/umi_rtx_controller/include/include/umi_rtx_controller/umi-drivers/m68kipc/exec.h
-- Installing: /mnt/c/Users/Natha/Documents/umi_rtx_demos/ros2_ws/install/umi_rtx_controller/include/include/umi_rtx_controller/umi-drivers/rtx.h
-- Installing: /mnt/c/Users/Natha/Documents/umi_rtx_demos/ros2_ws/install/umi_rtx_controller/include/include/umi_rtx_controller/umi-drivers/rtxcmds.h
-- Installing: /mnt/c/Users/Natha/Documents/umi_rtx_demos/ros2_ws/install/umi_rtx_controller/include/include/umi_rtx_controller/umi-drivers/rtxd.h
-- Installing: /mnt/c/Users/Natha/Documents/umi_rtx_demos/ros2_ws/install/umi_rtx_controller/share/umi_rtx_controller/launch
-- Installing: /mnt/c/Users/Natha/Documents/umi_rtx_demos/ros2_ws/install/umi_rtx_controller/share/umi_rtx_controller/launch/arm.launch.py
-- Installing: /mnt/c/Users/Natha/Documents/umi_rtx_demos/ros2_ws/install/umi_rtx_controller/share/umi_rtx_controller/launch/simu.launch.py
-- Installing: /mnt/c/Users/Natha/Documents/umi_rtx_demos/ros2_ws/install/umi_rtx_controller/share/umi_rtx_controller/rviz
-- Installing: /mnt/c/Users/Natha/Documents/umi_rtx_demos/ros2_ws/install/umi_rtx_controller/share/umi_rtx_controller/rviz/rviz_basic_settings.rviz
-- Installing: /mnt/c/Users/Natha/Documents/umi_rtx_demos/ros2_ws/install/umi_rtx_controller/share/umi_rtx_controller/urdf
-- Installing: /mnt/c/Users/Natha/Documents/umi_rtx_demos/ros2_ws/install/umi_rtx_controller/share/umi_rtx_controller/urdf/umi_rtx.urdf
-- Installing: /mnt/c/Users/Natha/Documents/umi_rtx_demos/ros2_ws/install/umi_rtx_controller/share/umi_rtx_controller/images
-- Installing: /mnt/c/Users/Natha/Documents/umi_rtx_demos/ros2_ws/install/umi_rtx_controller/share/umi_rtx_controller/images/icon.png
-- Installing: /mnt/c/Users/Natha/Documents/umi_rtx_demos/ros2_ws/install/umi_rtx_controller/share/umi_rtx_controller/CalibrationImages
-- Installing: /mnt/c/Users/Natha/Documents/umi_rtx_demos/ros2_ws/install/umi_rtx_controller/share/umi_rtx_controller/CalibrationImages/image01.jpg
-- Installing: /mnt/c/Users/Natha/Documents/umi_rtx_demos/ros2_ws/install/umi_rtx_controller/share/umi_rtx_controller/CalibrationImages/image02.jpg
-- Installing: /mnt/c/Users/Natha/Documents/umi_rtx_demos/ros2_ws/install/umi_rtx_controller/share/umi_rtx_controller/CalibrationImages/image03.jpg
-- Installing: /mnt/c/Users/Natha/Documents/umi_rtx_demos/ros2_ws/install/umi_rtx_controller/share/umi_rtx_controller/CalibrationImages/image04.jpg
-- Installing: /mnt/c/Users/Natha/Documents/umi_rtx_demos/ros2_ws/install/umi_rtx_controller/share/umi_rtx_controller/CalibrationImages/image05.jpg
-- Installing: /mnt/c/Users/Natha/Documents/umi_rtx_demos/ros2_ws/install/umi_rtx_controller/share/umi_rtx_controller/CalibrationImages/leftImage01.png
-- Installing: /mnt/c/Users/Natha/Documents/umi_rtx_demos/ros2_ws/install/umi_rtx_controller/share/umi_rtx_controller/CalibrationImages/leftImage02.png
-- Installing: /mnt/c/Users/Natha/Documents/umi_rtx_demos/ros2_ws/install/umi_rtx_controller/share/umi_rtx_controller/CalibrationImages/leftImage03.png
-- Installing: /mnt/c/Users/Natha/Documents/umi_rtx_demos/ros2_ws/install/umi_rtx_controller/share/umi_rtx_controller/CalibrationImages/leftImage04.png
-- Installing: /mnt/c/Users/Natha/Documents/umi_rtx_demos/ros2_ws/install/umi_rtx_controller/share/umi_rtx_controller/CalibrationImages/leftImage05.png
-- Installing: /mnt/c/Users/Natha/Documents/umi_rtx_demos/ros2_ws/install/umi_rtx_controller/share/umi_rtx_controller/CalibrationImages/rightImage01.png
-- Installing: /mnt/c/Users/Natha/Documents/umi_rtx_demos/ros2_ws/install/umi_rtx_controller/share/umi_rtx_controller/CalibrationImages/rightImage02.png
-- Installing: /mnt/c/Users/Natha/Documents/umi_rtx_demos/ros2_ws/install/umi_rtx_controller/share/umi_rtx_controller/CalibrationImages/rightImage03.png
-- Installing: /mnt/c/Users/Natha/Documents/umi_rtx_demos/ros2_ws/install/umi_rtx_controller/share/umi_rtx_controller/CalibrationImages/rightImage04.png
-- Installing: /mnt/c/Users/Natha/Documents/umi_rtx_demos/ros2_ws/install/umi_rtx_controller/share/umi_rtx_controller/CalibrationImages/rightImage05.png
-- Installing: /mnt/c/Users/Natha/Documents/umi_rtx_demos/ros2_ws/install/umi_rtx_controller/share/ament_index/resource_index/package_run_dependencies/umi_rtx_controller
-- Installing: /mnt/c/Users/Natha/Documents/umi_rtx_demos/ros2_ws/install/umi_rtx_controller/share/ament_index/resource_index/parent_prefix_path/umi_rtx_controller
-- Installing: /mnt/c/Users/Natha/Documents/umi_rtx_demos/ros2_ws/install/umi_rtx_controller/share/umi_rtx_controller/environment/ament_prefix_path.sh
-- Installing: /mnt/c/Users/Natha/Documents/umi_rtx_demos/ros2_ws/install/umi_rtx_controller/share/umi_rtx_controller/environment/ament_prefix_path.dsv
-- Installing: /mnt/c/Users/Natha/Documents/umi_rtx_demos/ros2_ws/install/umi_rtx_controller/share/umi_rtx_controller/environment/path.sh
-- Installing: /mnt/c/Users/Natha/Documents/umi_rtx_demos/ros2_ws/install/umi_rtx_controller/share/umi_rtx_controller/environment/path.dsv
-- Installing: /mnt/c/Users/Natha/Documents/umi_rtx_demos/ros2_ws/install/umi_rtx_controller/share/umi_rtx_controller/local_setup.bash
-- Installing: /mnt/c/Users/Natha/Documents/umi_rtx_demos/ros2_ws/install/umi_rtx_controller/share/umi_rtx_controller/local_setup.sh
-- Installing: /mnt/c/Users/Natha/Documents/umi_rtx_demos/ros2_ws/install/umi_rtx_controller/share/umi_rtx_controller/local_setup.zsh
-- Installing: /mnt/c/Users/Natha/Documents/umi_rtx_demos/ros2_ws/install/umi_rtx_controller/share/umi_rtx_controller/local_setup.dsv
-- Installing: /mnt/c/Users/Natha/Documents/umi_rtx_demos/ros2_ws/install/umi_rtx_controller/share/umi_rtx_controller/package.dsv
-- Installing: /mnt/c/Users/Natha/Documents/umi_rtx_demos/ros2_ws/install/umi_rtx_controller/share/ament_index/resource_index/packages/umi_rtx_controller
-- Installing: /mnt/c/Users/Natha/Documents/umi_rtx_demos/ros2_ws/install/umi_rtx_controller/share/umi_rtx_controller/cmake/umi_rtx_controllerConfig.cmake
-- Installing: /mnt/c/Users/Natha/Documents/umi_rtx_demos/ros2_ws/install/umi_rtx_controller/share/umi_rtx_controller/cmake/umi_rtx_controllerConfig-version.cmake
-- Installing: /mnt/c/Users/Natha/Documents/umi_rtx_demos/ros2_ws/install/umi_rtx_controller/share/umi_rtx_controller/package.xml
