[0.189s] DEBUG:colcon:Command line arguments: ['/usr/bin/colcon', 'build']
[0.190s] DEBUG:colcon:Parsed command line arguments: Namespace(log_base=None, log_level=None, verb_name='build', build_base='build', install_base='install', merge_install=False, symlink_install=False, test_result_base=None, continue_on_error=False, executor='parallel', parallel_workers=12, event_handlers=None, ignore_user_meta=False, metas=['./colcon.meta'], base_paths=['.'], packages_ignore=None, packages_ignore_regex=None, paths=None, packages_up_to=None, packages_up_to_regex=None, packages_above=None, packages_above_and_dependencies=None, packages_above_depth=None, packages_select_by_dep=None, packages_skip_by_dep=None, packages_skip_up_to=None, packages_select_build_failed=False, packages_skip_build_finished=False, packages_select_test_failures=False, packages_skip_test_passed=False, packages_select=None, packages_skip=None, packages_select_regex=None, packages_skip_regex=None, packages_start=None, packages_end=None, allow_overriding=[], cmake_args=None, cmake_target=None, cmake_target_skip_unavailable=False, cmake_clean_cache=False, cmake_clean_first=False, cmake_force_configure=False, ament_cmake_args=None, catkin_cmake_args=None, catkin_skip_building_tests=False, verb_parser=<colcon_defaults.argument_parser.defaults.DefaultArgumentsDecorator object at 0x7f09c64bf1c0>, verb_extension=<colcon_core.verb.build.BuildVerb object at 0x7f09c64bec80>, main=<bound method BuildVerb.main of <colcon_core.verb.build.BuildVerb object at 0x7f09c64bec80>>)
[0.291s] Level 1:colcon.colcon_core.package_discovery:discover_packages(colcon_meta) check parameters
[0.293s] Level 1:colcon.colcon_core.package_discovery:discover_packages(recursive) check parameters
[0.294s] Level 1:colcon.colcon_core.package_discovery:discover_packages(ignore) check parameters
[0.294s] Level 1:colcon.colcon_core.package_discovery:discover_packages(path) check parameters
[0.295s] Level 1:colcon.colcon_core.package_discovery:discover_packages(colcon_meta) discover
[0.296s] Level 1:colcon.colcon_core.package_discovery:discover_packages(recursive) discover
[0.297s] INFO:colcon.colcon_core.package_discovery:Crawling recursively for packages in '/mnt/c/Users/Natha/Documents/umi_rtx_demos/ros2_ws'
[0.301s] Level 1:colcon.colcon_core.package_identification:_identify(.) by extensions ['ignore', 'ignore_ament_install']
[0.302s] Level 1:colcon.colcon_core.package_identification:_identify(.) by extension 'ignore'
[0.303s] Level 1:colcon.colcon_core.package_identification:_identify(.) by extension 'ignore_ament_install'
[0.304s] Level 1:colcon.colcon_core.package_identification:_identify(.) by extensions ['colcon_pkg']
[0.305s] Level 1:colcon.colcon_core.package_identification:_identify(.) by extension 'colcon_pkg'
[0.306s] Level 1:colcon.colcon_core.package_identification:_identify(.) by extensions ['colcon_meta']
[0.307s] Level 1:colcon.colcon_core.package_identification:_identify(.) by extension 'colcon_meta'
[0.307s] Level 1:colcon.colcon_core.package_identification:_identify(.) by extensions ['ros']
[0.308s] Level 1:colcon.colcon_core.package_identification:_identify(.) by extension 'ros'
[0.318s] Level 1:colcon.colcon_core.package_identification:_identify(.) by extensions ['cmake', 'python']
[0.319s] Level 1:colcon.colcon_core.package_identification:_identify(.) by extension 'cmake'
[0.320s] Level 1:colcon.colcon_core.package_identification:_identify(.) by extension 'python'
[0.321s] Level 1:colcon.colcon_core.package_identification:_identify(.) by extensions ['python_setup_py']
[0.322s] Level 1:colcon.colcon_core.package_identification:_identify(.) by extension 'python_setup_py'
[0.329s] Level 1:colcon.colcon_core.package_identification:_identify(build) by extensions ['ignore', 'ignore_ament_install']
[0.330s] Level 1:colcon.colcon_core.package_identification:_identify(build) by extension 'ignore'
[0.334s] Level 1:colcon.colcon_core.package_identification:_identify(build) ignored
[0.338s] Level 1:colcon.colcon_core.package_identification:_identify(install) by extensions ['ignore', 'ignore_ament_install']
[0.339s] Level 1:colcon.colcon_core.package_identification:_identify(install) by extension 'ignore'
[0.340s] Level 1:colcon.colcon_core.package_identification:_identify(install) ignored
[0.345s] Level 1:colcon.colcon_core.package_identification:_identify(log) by extensions ['ignore', 'ignore_ament_install']
[0.346s] Level 1:colcon.colcon_core.package_identification:_identify(log) by extension 'ignore'
[0.347s] Level 1:colcon.colcon_core.package_identification:_identify(log) ignored
[0.350s] Level 1:colcon.colcon_core.package_identification:_identify(src) by extensions ['ignore', 'ignore_ament_install']
[0.350s] Level 1:colcon.colcon_core.package_identification:_identify(src) by extension 'ignore'
[0.351s] Level 1:colcon.colcon_core.package_identification:_identify(src) by extension 'ignore_ament_install'
[0.352s] Level 1:colcon.colcon_core.package_identification:_identify(src) by extensions ['colcon_pkg']
[0.352s] Level 1:colcon.colcon_core.package_identification:_identify(src) by extension 'colcon_pkg'
[0.353s] Level 1:colcon.colcon_core.package_identification:_identify(src) by extensions ['colcon_meta']
[0.353s] Level 1:colcon.colcon_core.package_identification:_identify(src) by extension 'colcon_meta'
[0.354s] Level 1:colcon.colcon_core.package_identification:_identify(src) by extensions ['ros']
[0.354s] Level 1:colcon.colcon_core.package_identification:_identify(src) by extension 'ros'
[0.357s] Level 1:colcon.colcon_core.package_identification:_identify(src) by extensions ['cmake', 'python']
[0.357s] Level 1:colcon.colcon_core.package_identification:_identify(src) by extension 'cmake'
[0.358s] Level 1:colcon.colcon_core.package_identification:_identify(src) by extension 'python'
[0.359s] Level 1:colcon.colcon_core.package_identification:_identify(src) by extensions ['python_setup_py']
[0.359s] Level 1:colcon.colcon_core.package_identification:_identify(src) by extension 'python_setup_py'
[0.363s] Level 1:colcon.colcon_core.package_identification:_identify(src/umi_rtx_controller) by extensions ['ignore', 'ignore_ament_install']
[0.363s] Level 1:colcon.colcon_core.package_identification:_identify(src/umi_rtx_controller) by extension 'ignore'
[0.364s] Level 1:colcon.colcon_core.package_identification:_identify(src/umi_rtx_controller) by extension 'ignore_ament_install'
[0.366s] Level 1:colcon.colcon_core.package_identification:_identify(src/umi_rtx_controller) by extensions ['colcon_pkg']
[0.366s] Level 1:colcon.colcon_core.package_identification:_identify(src/umi_rtx_controller) by extension 'colcon_pkg'
[0.367s] Level 1:colcon.colcon_core.package_identification:_identify(src/umi_rtx_controller) by extensions ['colcon_meta']
[0.367s] Level 1:colcon.colcon_core.package_identification:_identify(src/umi_rtx_controller) by extension 'colcon_meta'
[0.369s] Level 1:colcon.colcon_core.package_identification:_identify(src/umi_rtx_controller) by extensions ['ros']
[0.369s] Level 1:colcon.colcon_core.package_identification:_identify(src/umi_rtx_controller) by extension 'ros'
[0.382s] DEBUG:colcon.colcon_core.package_identification:Package 'src/umi_rtx_controller' with type 'ros.ament_cmake' and name 'umi_rtx_controller'
[0.383s] Level 1:colcon.colcon_core.package_discovery:discover_packages(recursive) using defaults
[0.383s] Level 1:colcon.colcon_core.package_discovery:discover_packages(ignore) discover
[0.383s] Level 1:colcon.colcon_core.package_discovery:discover_packages(ignore) using defaults
[0.383s] Level 1:colcon.colcon_core.package_discovery:discover_packages(path) discover
[0.383s] Level 1:colcon.colcon_core.package_discovery:discover_packages(path) using defaults
[0.403s] Level 1:colcon.colcon_core.package_discovery:discover_packages(prefix_path) check parameters
[0.404s] Level 1:colcon.colcon_core.package_discovery:discover_packages(prefix_path) discover
[0.439s] DEBUG:colcon.colcon_installed_package_information.package_discovery:Found 1 installed packages in /mnt/c/Users/Natha/Documents/umi_rtx_demos/ros2_ws/install
[0.440s] DEBUG:colcon.colcon_installed_package_information.package_discovery:Found 286 installed packages in /opt/ros/iron
[0.441s] Level 1:colcon.colcon_core.package_discovery:discover_packages(prefix_path) using defaults
[0.496s] Level 5:colcon.colcon_core.verb:set package 'umi_rtx_controller' build argument 'cmake_args' from command line to 'None'
[0.497s] Level 5:colcon.colcon_core.verb:set package 'umi_rtx_controller' build argument 'cmake_target' from command line to 'None'
[0.498s] Level 5:colcon.colcon_core.verb:set package 'umi_rtx_controller' build argument 'cmake_target_skip_unavailable' from command line to 'False'
[0.498s] Level 5:colcon.colcon_core.verb:set package 'umi_rtx_controller' build argument 'cmake_clean_cache' from command line to 'False'
[0.499s] Level 5:colcon.colcon_core.verb:set package 'umi_rtx_controller' build argument 'cmake_clean_first' from command line to 'False'
[0.499s] Level 5:colcon.colcon_core.verb:set package 'umi_rtx_controller' build argument 'cmake_force_configure' from command line to 'False'
[0.500s] Level 5:colcon.colcon_core.verb:set package 'umi_rtx_controller' build argument 'ament_cmake_args' from command line to 'None'
[0.501s] Level 5:colcon.colcon_core.verb:set package 'umi_rtx_controller' build argument 'catkin_cmake_args' from command line to 'None'
[0.501s] Level 5:colcon.colcon_core.verb:set package 'umi_rtx_controller' build argument 'catkin_skip_building_tests' from command line to 'False'
[0.502s] DEBUG:colcon.colcon_core.verb:Building package 'umi_rtx_controller' with the following arguments: {'ament_cmake_args': None, 'build_base': '/mnt/c/Users/Natha/Documents/umi_rtx_demos/ros2_ws/build/umi_rtx_controller', 'catkin_cmake_args': None, 'catkin_skip_building_tests': False, 'cmake_args': None, 'cmake_clean_cache': False, 'cmake_clean_first': False, 'cmake_force_configure': False, 'cmake_target': None, 'cmake_target_skip_unavailable': False, 'install_base': '/mnt/c/Users/Natha/Documents/umi_rtx_demos/ros2_ws/install/umi_rtx_controller', 'merge_install': False, 'path': '/mnt/c/Users/Natha/Documents/umi_rtx_demos/ros2_ws/src/umi_rtx_controller', 'symlink_install': False, 'test_result_base': None}
[0.503s] INFO:colcon.colcon_core.executor:Executing jobs using 'parallel' executor
[0.504s] DEBUG:colcon.colcon_parallel_executor.executor.parallel:run_until_complete
[0.504s] INFO:colcon.colcon_ros.task.ament_cmake.build:Building ROS package in '/mnt/c/Users/Natha/Documents/umi_rtx_demos/ros2_ws/src/umi_rtx_controller' with build type 'ament_cmake'
[0.505s] INFO:colcon.colcon_cmake.task.cmake.build:Building CMake package in '/mnt/c/Users/Natha/Documents/umi_rtx_demos/ros2_ws/src/umi_rtx_controller'
[0.507s] INFO:colcon.colcon_core.plugin_system:Skipping extension 'colcon_core.shell.bat': Not used on non-Windows systems
[0.508s] INFO:colcon.colcon_core.shell:Skip shell extension 'powershell' for command environment: Not usable outside of PowerShell
[0.508s] DEBUG:colcon.colcon_core.shell:Skip shell extension 'dsv' for command environment
[0.606s] DEBUG:colcon.colcon_core.event_handler.log_command:Invoking command in '/mnt/c/Users/Natha/Documents/umi_rtx_demos/ros2_ws/build/umi_rtx_controller': CMAKE_PREFIX_PATH=${CMAKE_PREFIX_PATH}:/opt/ros/iron /usr/bin/cmake --build /mnt/c/Users/Natha/Documents/umi_rtx_demos/ros2_ws/build/umi_rtx_controller -- -j12 -l12
[7.966s] DEBUG:colcon.colcon_core.event_handler.log_command:Invoked command in '/mnt/c/Users/Natha/Documents/umi_rtx_demos/ros2_ws/build/umi_rtx_controller' returned '0': CMAKE_PREFIX_PATH=${CMAKE_PREFIX_PATH}:/opt/ros/iron /usr/bin/cmake --build /mnt/c/Users/Natha/Documents/umi_rtx_demos/ros2_ws/build/umi_rtx_controller -- -j12 -l12
[8.077s] DEBUG:colcon.colcon_core.event_handler.log_command:Invoking command in '/mnt/c/Users/Natha/Documents/umi_rtx_demos/ros2_ws/build/umi_rtx_controller': CMAKE_PREFIX_PATH=${CMAKE_PREFIX_PATH}:/opt/ros/iron /usr/bin/cmake --install /mnt/c/Users/Natha/Documents/umi_rtx_demos/ros2_ws/build/umi_rtx_controller
[11.325s] Level 1:colcon.colcon_core.environment:create_environment_scripts_only(umi_rtx_controller)
[11.327s] DEBUG:colcon.colcon_core.event_handler.log_command:Invoked command in '/mnt/c/Users/Natha/Documents/umi_rtx_demos/ros2_ws/build/umi_rtx_controller' returned '0': CMAKE_PREFIX_PATH=${CMAKE_PREFIX_PATH}:/opt/ros/iron /usr/bin/cmake --install /mnt/c/Users/Natha/Documents/umi_rtx_demos/ros2_ws/build/umi_rtx_controller
[11.328s] Level 1:colcon.colcon_core.environment:checking '/mnt/c/Users/Natha/Documents/umi_rtx_demos/ros2_ws/install/umi_rtx_controller' for CMake module files
[11.421s] Level 1:colcon.colcon_core.environment:checking '/mnt/c/Users/Natha/Documents/umi_rtx_demos/ros2_ws/install/umi_rtx_controller' for CMake config files
[11.530s] Level 1:colcon.colcon_core.shell:create_environment_hook('umi_rtx_controller', 'cmake_prefix_path')
[11.531s] INFO:colcon.colcon_core.shell:Creating environment hook '/mnt/c/Users/Natha/Documents/umi_rtx_demos/ros2_ws/install/umi_rtx_controller/share/umi_rtx_controller/hook/cmake_prefix_path.ps1'
[11.543s] INFO:colcon.colcon_core.shell:Creating environment descriptor '/mnt/c/Users/Natha/Documents/umi_rtx_demos/ros2_ws/install/umi_rtx_controller/share/umi_rtx_controller/hook/cmake_prefix_path.dsv'
[11.555s] INFO:colcon.colcon_core.shell:Creating environment hook '/mnt/c/Users/Natha/Documents/umi_rtx_demos/ros2_ws/install/umi_rtx_controller/share/umi_rtx_controller/hook/cmake_prefix_path.sh'
[11.571s] Level 1:colcon.colcon_core.environment:checking '/mnt/c/Users/Natha/Documents/umi_rtx_demos/ros2_ws/install/umi_rtx_controller/lib'
[11.575s] Level 1:colcon.colcon_core.environment:checking '/mnt/c/Users/Natha/Documents/umi_rtx_demos/ros2_ws/install/umi_rtx_controller/bin'
[11.577s] Level 1:colcon.colcon_core.environment:checking '/mnt/c/Users/Natha/Documents/umi_rtx_demos/ros2_ws/install/umi_rtx_controller/lib/pkgconfig/umi_rtx_controller.pc'
[11.578s] Level 1:colcon.colcon_core.environment:checking '/mnt/c/Users/Natha/Documents/umi_rtx_demos/ros2_ws/install/umi_rtx_controller/lib/python3.10/site-packages'
[11.580s] Level 1:colcon.colcon_core.environment:checking '/mnt/c/Users/Natha/Documents/umi_rtx_demos/ros2_ws/install/umi_rtx_controller/bin'
[11.581s] INFO:colcon.colcon_core.shell:Creating package script '/mnt/c/Users/Natha/Documents/umi_rtx_demos/ros2_ws/install/umi_rtx_controller/share/umi_rtx_controller/package.ps1'
[11.592s] INFO:colcon.colcon_core.shell:Creating package descriptor '/mnt/c/Users/Natha/Documents/umi_rtx_demos/ros2_ws/install/umi_rtx_controller/share/umi_rtx_controller/package.dsv'
[11.601s] INFO:colcon.colcon_core.shell:Creating package script '/mnt/c/Users/Natha/Documents/umi_rtx_demos/ros2_ws/install/umi_rtx_controller/share/umi_rtx_controller/package.sh'
[11.613s] INFO:colcon.colcon_core.shell:Creating package script '/mnt/c/Users/Natha/Documents/umi_rtx_demos/ros2_ws/install/umi_rtx_controller/share/umi_rtx_controller/package.bash'
[11.623s] INFO:colcon.colcon_core.shell:Creating package script '/mnt/c/Users/Natha/Documents/umi_rtx_demos/ros2_ws/install/umi_rtx_controller/share/umi_rtx_controller/package.zsh'
[11.634s] Level 1:colcon.colcon_core.environment:create_file_with_runtime_dependencies(/mnt/c/Users/Natha/Documents/umi_rtx_demos/ros2_ws/install/umi_rtx_controller/share/colcon-core/packages/umi_rtx_controller)
[11.734s] Level 1:colcon.colcon_core.environment:create_environment_scripts_only(umi_rtx_controller)
[11.734s] Level 1:colcon.colcon_core.environment:checking '/mnt/c/Users/Natha/Documents/umi_rtx_demos/ros2_ws/install/umi_rtx_controller' for CMake module files
[11.838s] Level 1:colcon.colcon_core.environment:checking '/mnt/c/Users/Natha/Documents/umi_rtx_demos/ros2_ws/install/umi_rtx_controller' for CMake config files
[12.204s] Level 1:colcon.colcon_core.shell:create_environment_hook('umi_rtx_controller', 'cmake_prefix_path')
[12.204s] INFO:colcon.colcon_core.shell:Creating environment hook '/mnt/c/Users/Natha/Documents/umi_rtx_demos/ros2_ws/install/umi_rtx_controller/share/umi_rtx_controller/hook/cmake_prefix_path.ps1'
[12.229s] INFO:colcon.colcon_core.shell:Creating environment descriptor '/mnt/c/Users/Natha/Documents/umi_rtx_demos/ros2_ws/install/umi_rtx_controller/share/umi_rtx_controller/hook/cmake_prefix_path.dsv'
[12.246s] INFO:colcon.colcon_core.shell:Creating environment hook '/mnt/c/Users/Natha/Documents/umi_rtx_demos/ros2_ws/install/umi_rtx_controller/share/umi_rtx_controller/hook/cmake_prefix_path.sh'
[12.262s] Level 1:colcon.colcon_core.environment:checking '/mnt/c/Users/Natha/Documents/umi_rtx_demos/ros2_ws/install/umi_rtx_controller/lib'
[12.266s] Level 1:colcon.colcon_core.environment:checking '/mnt/c/Users/Natha/Documents/umi_rtx_demos/ros2_ws/install/umi_rtx_controller/bin'
[12.268s] Level 1:colcon.colcon_core.environment:checking '/mnt/c/Users/Natha/Documents/umi_rtx_demos/ros2_ws/install/umi_rtx_controller/lib/pkgconfig/umi_rtx_controller.pc'
[12.269s] Level 1:colcon.colcon_core.environment:checking '/mnt/c/Users/Natha/Documents/umi_rtx_demos/ros2_ws/install/umi_rtx_controller/lib/python3.10/site-packages'
[12.271s] Level 1:colcon.colcon_core.environment:checking '/mnt/c/Users/Natha/Documents/umi_rtx_demos/ros2_ws/install/umi_rtx_controller/bin'
[12.273s] INFO:colcon.colcon_core.shell:Creating package script '/mnt/c/Users/Natha/Documents/umi_rtx_demos/ros2_ws/install/umi_rtx_controller/share/umi_rtx_controller/package.ps1'
[12.283s] INFO:colcon.colcon_core.shell:Creating package descriptor '/mnt/c/Users/Natha/Documents/umi_rtx_demos/ros2_ws/install/umi_rtx_controller/share/umi_rtx_controller/package.dsv'
[12.294s] INFO:colcon.colcon_core.shell:Creating package script '/mnt/c/Users/Natha/Documents/umi_rtx_demos/ros2_ws/install/umi_rtx_controller/share/umi_rtx_controller/package.sh'
[12.305s] INFO:colcon.colcon_core.shell:Creating package script '/mnt/c/Users/Natha/Documents/umi_rtx_demos/ros2_ws/install/umi_rtx_controller/share/umi_rtx_controller/package.bash'
[12.318s] INFO:colcon.colcon_core.shell:Creating package script '/mnt/c/Users/Natha/Documents/umi_rtx_demos/ros2_ws/install/umi_rtx_controller/share/umi_rtx_controller/package.zsh'
[12.329s] Level 1:colcon.colcon_core.environment:create_file_with_runtime_dependencies(/mnt/c/Users/Natha/Documents/umi_rtx_demos/ros2_ws/install/umi_rtx_controller/share/colcon-core/packages/umi_rtx_controller)
[12.337s] DEBUG:colcon.colcon_parallel_executor.executor.parallel:closing loop
[12.337s] DEBUG:colcon.colcon_parallel_executor.executor.parallel:loop closed
[12.337s] DEBUG:colcon.colcon_parallel_executor.executor.parallel:run_until_complete finished with '0'
[12.338s] DEBUG:colcon.colcon_core.event_reactor:joining thread
[12.391s] INFO:colcon.colcon_core.plugin_system:Skipping extension 'colcon_notification.desktop_notification.notify_send': Could not find 'notify-send'
[12.392s] INFO:colcon.colcon_core.plugin_system:Skipping extension 'colcon_notification.desktop_notification.terminal_notifier': Not used on non-Darwin systems
[12.392s] INFO:colcon.colcon_core.plugin_system:Skipping extension 'colcon_notification.desktop_notification.win32': Not used on non-Windows systems
[12.392s] INFO:colcon.colcon_notification.desktop_notification:Sending desktop notification using 'notify2'
[12.393s] DEBUG:colcon.colcon_notification.desktop_notification.notify2:Failed to initialize notify2: org.freedesktop.DBus.Error.ServiceUnknown: The name org.freedesktop.Notifications was not provided by any .service files
[12.394s] DEBUG:colcon.colcon_core.event_reactor:joined thread
[12.394s] INFO:colcon.colcon_core.shell:Creating prefix script '/mnt/c/Users/Natha/Documents/umi_rtx_demos/ros2_ws/install/local_setup.ps1'
[12.405s] INFO:colcon.colcon_core.shell:Creating prefix util module '/mnt/c/Users/Natha/Documents/umi_rtx_demos/ros2_ws/install/_local_setup_util_ps1.py'
[12.414s] INFO:colcon.colcon_core.shell:Creating prefix chain script '/mnt/c/Users/Natha/Documents/umi_rtx_demos/ros2_ws/install/setup.ps1'
[12.432s] INFO:colcon.colcon_core.shell:Creating prefix script '/mnt/c/Users/Natha/Documents/umi_rtx_demos/ros2_ws/install/local_setup.sh'
[12.441s] INFO:colcon.colcon_core.shell:Creating prefix util module '/mnt/c/Users/Natha/Documents/umi_rtx_demos/ros2_ws/install/_local_setup_util_sh.py'
[12.448s] INFO:colcon.colcon_core.shell:Creating prefix chain script '/mnt/c/Users/Natha/Documents/umi_rtx_demos/ros2_ws/install/setup.sh'
[12.466s] INFO:colcon.colcon_core.shell:Creating prefix script '/mnt/c/Users/Natha/Documents/umi_rtx_demos/ros2_ws/install/local_setup.bash'
[12.471s] INFO:colcon.colcon_core.shell:Creating prefix chain script '/mnt/c/Users/Natha/Documents/umi_rtx_demos/ros2_ws/install/setup.bash'
[12.484s] INFO:colcon.colcon_core.shell:Creating prefix script '/mnt/c/Users/Natha/Documents/umi_rtx_demos/ros2_ws/install/local_setup.zsh'
[12.488s] INFO:colcon.colcon_core.shell:Creating prefix chain script '/mnt/c/Users/Natha/Documents/umi_rtx_demos/ros2_ws/install/setup.zsh'
